<?xml version="1.0" encoding="UTF-8"?>
<!-- Generated by org.testng.reporters.JUnitReportReporter -->
<testsuite hostname="NagalakshmiSDET110" failures="0" tests="1" name="api_runner.Runner" time="0.133" errors="0" timestamp="2023-08-10T11:56:42 EDT" skipped="0">
  <testcase classname="api_runner.Runner" name="runScenario" time="0.133"/>
  <system-out/>
</testsuite> <!-- api_runner.Runner -->
